/Users/makevoid/.rvm/rubies/ruby-1.9.3-p392/lib/ruby/1.9.1/webrick/utils.rb:85:in `initialize': Address already in use - bind(2) (Errno::EADDRINUSE)
	from /Users/makevoid/.rvm/rubies/ruby-1.9.3-p392/lib/ruby/1.9.1/webrick/utils.rb:85:in `new'
	from /Users/makevoid/.rvm/rubies/ruby-1.9.3-p392/lib/ruby/1.9.1/webrick/utils.rb:85:in `block in create_listeners'
	from /Users/makevoid/.rvm/rubies/ruby-1.9.3-p392/lib/ruby/1.9.1/webrick/utils.rb:82:in `each'
	from /Users/makevoid/.rvm/rubies/ruby-1.9.3-p392/lib/ruby/1.9.1/webrick/utils.rb:82:in `create_listeners'
	from /Users/makevoid/.rvm/rubies/ruby-1.9.3-p392/lib/ruby/1.9.1/webrick/server.rb:82:in `listen'
	from /Users/makevoid/.rvm/rubies/ruby-1.9.3-p392/lib/ruby/1.9.1/webrick/server.rb:70:in `initialize'
	from /Users/makevoid/.rvm/rubies/ruby-1.9.3-p392/lib/ruby/1.9.1/webrick/httpserver.rb:45:in `initialize'
	from /Users/makevoid/.rvm/gems/ruby-1.9.3-p392/gems/rack-1.5.2/lib/rack/handler/webrick.rb:11:in `new'
	from /Users/makevoid/.rvm/gems/ruby-1.9.3-p392/gems/rack-1.5.2/lib/rack/handler/webrick.rb:11:in `run'
	from /Users/makevoid/.rvm/gems/ruby-1.9.3-p392/gems/rack-1.5.2/lib/rack/server.rb:264:in `start'
	from /Users/makevoid/.rvm/gems/ruby-1.9.3-p392/gems/rack-1.5.2/lib/rack/server.rb:141:in `start'
	from /Users/makevoid/.rvm/gems/ruby-1.9.3-p392/gems/rack-1.5.2/bin/rackup:4:in `<top (required)>'
	from /Users/makevoid/.rvm/gems/ruby-1.9.3-p392/bin/rackup:19:in `load'
	from /Users/makevoid/.rvm/gems/ruby-1.9.3-p392/bin/rackup:19:in `<main>'
	from /Users/makevoid/.rvm/gems/ruby-1.9.3-p392/bin/ruby_noexec_wrapper:14:in `eval'
	from /Users/makevoid/.rvm/gems/ruby-1.9.3-p392/bin/ruby_noexec_wrapper:14:in `<main>'
[2013-04-24 14:00:04] INFO  WEBrick 1.3.1
[2013-04-24 14:00:04] INFO  ruby 1.9.3 (2013-02-22) [x86_64-darwin12.2.0]
[2013-04-24 14:00:04] WARN  TCPServer Error: Address already in use - bind(2)
